# JRE version: OpenJDK Runtime Environment (8.0_252-b09) (build 1.8.0_252-8u252-b09-1ubuntu1-b09)
# Java VM: OpenJDK 64-Bit Server VM (25.252-b09 mixed mode linux-amd64 compressed oops)
Heap:
 PSYoungGen      total 103936K, used 69595K [0x0000000782a00000, 0x0000000790200000, 0x00000007c0000000)
  eden space 96256K, 64% used [0x0000000782a00000,0x000000078667ec88,0x0000000788800000)
  from space 7680K, 99% used [0x0000000788800000,0x0000000788f78020,0x0000000788f80000)
  to   space 14336K, 0% used [0x000000078f400000,0x000000078f400000,0x0000000790200000)
 ParOldGen       total 126976K, used 9943K [0x0000000707e00000, 0x000000070fa00000, 0x0000000782a00000)
  object space 126976K, 7% used [0x0000000707e00000,0x00000007087b5d88,0x000000070fa00000)
 Metaspace       used 19375K, capacity 19934K, committed 20096K, reserved 1067008K
  class space    used 2177K, capacity 2308K, committed 2432K, reserved 1048576K
GC Heap History (10 events):
Event: 0.502 GC heap before
{Heap before GC invocations=1 (full 0):
 PSYoungGen      total 55808K, used 48128K [0x0000000782a00000, 0x0000000786800000, 0x00000007c0000000)
  eden space 48128K, 100% used [0x0000000782a00000,0x0000000785900000,0x0000000785900000)
  from space 7680K, 0% used [0x0000000786080000,0x0000000786080000,0x0000000786800000)
  to   space 7680K, 0% used [0x0000000785900000,0x0000000785900000,0x0000000786080000)
 ParOldGen       total 126976K, used 0K [0x0000000707e00000, 0x000000070fa00000, 0x0000000782a00000)
  object space 126976K, 0% used [0x0000000707e00000,0x0000000707e00000,0x000000070fa00000)
 Metaspace       used 9334K, capacity 9490K, committed 9728K, reserved 1058816K
  class space    used 1111K, capacity 1180K, committed 1280K, reserved 1048576K
Event: 0.505 GC heap after
Heap after GC invocations=1 (full 0):
 PSYoungGen      total 55808K, used 6193K [0x0000000782a00000, 0x0000000786800000, 0x00000007c0000000)
  eden space 48128K, 0% used [0x0000000782a00000,0x0000000782a00000,0x0000000785900000)
  from space 7680K, 80% used [0x0000000785900000,0x0000000785f0c500,0x0000000786080000)
  to   space 7680K, 0% used [0x0000000786080000,0x0000000786080000,0x0000000786800000)
 ParOldGen       total 126976K, used 16K [0x0000000707e00000, 0x000000070fa00000, 0x0000000782a00000)
  object space 126976K, 0% used [0x0000000707e00000,0x0000000707e04000,0x000000070fa00000)
 Metaspace       used 9334K, capacity 9490K, committed 9728K, reserved 1058816K
  class space    used 1111K, capacity 1180K, committed 1280K, reserved 1048576K
}
Event: 0.783 GC heap before
{Heap before GC invocations=2 (full 0):
 PSYoungGen      total 55808K, used 54321K [0x0000000782a00000, 0x0000000786800000, 0x00000007c0000000)
  eden space 48128K, 100% used [0x0000000782a00000,0x0000000785900000,0x0000000785900000)
  from space 7680K, 80% used [0x0000000785900000,0x0000000785f0c500,0x0000000786080000)
  to   space 7680K, 0% used [0x0000000786080000,0x0000000786080000,0x0000000786800000)
 ParOldGen       total 126976K, used 16K [0x0000000707e00000, 0x000000070fa00000, 0x0000000782a00000)
  object space 126976K, 0% used [0x0000000707e00000,0x0000000707e04000,0x000000070fa00000)
 Metaspace       used 13503K, capacity 13668K, committed 13824K, reserved 1060864K
  class space    used 1658K, capacity 1737K, committed 1792K, reserved 1048576K
Event: 0.787 GC heap after
Heap after GC invocations=2 (full 0):
 PSYoungGen      total 55808K, used 7678K [0x0000000782a00000, 0x0000000789700000, 0x00000007c0000000)
  eden space 48128K, 0% used [0x0000000782a00000,0x0000000782a00000,0x0000000785900000)
  from space 7680K, 99% used [0x0000000786080000,0x00000007867ffb58,0x0000000786800000)
  to   space 7680K, 0% used [0x0000000785900000,0x0000000785900000,0x0000000786080000)
 ParOldGen       total 126976K, used 304K [0x0000000707e00000, 0x000000070fa00000, 0x0000000782a00000)
  object space 126976K, 0% used [0x0000000707e00000,0x0000000707e4c048,0x000000070fa00000)
 Metaspace       used 13503K, capacity 13668K, committed 13824K, reserved 1060864K
  class space    used 1658K, capacity 1737K, committed 1792K, reserved 1048576K
}
Event: 1.394 GC heap before
{Heap before GC invocations=3 (full 0):
 PSYoungGen      total 55808K, used 55806K [0x0000000782a00000, 0x0000000789700000, 0x00000007c0000000)
  eden space 48128K, 100% used [0x0000000782a00000,0x0000000785900000,0x0000000785900000)
  from space 7680K, 99% used [0x0000000786080000,0x00000007867ffb58,0x0000000786800000)
  to   space 7680K, 0% used [0x0000000785900000,0x0000000785900000,0x0000000786080000)
 ParOldGen       total 126976K, used 304K [0x0000000707e00000, 0x000000070fa00000, 0x0000000782a00000)
  object space 126976K, 0% used [0x0000000707e00000,0x0000000707e4c048,0x000000070fa00000)
 Metaspace       used 15933K, capacity 16182K, committed 16384K, reserved 1062912K
  class space    used 1864K, capacity 1942K, committed 2048K, reserved 1048576K
Event: 1.413 GC heap after
Heap after GC invocations=3 (full 0):
 PSYoungGen      total 55808K, used 7660K [0x0000000782a00000, 0x0000000789700000, 0x00000007c0000000)
  eden space 48128K, 0% used [0x0000000782a00000,0x0000000782a00000,0x0000000785900000)
  from space 7680K, 99% used [0x0000000785900000,0x000000078607b160,0x0000000786080000)
  to   space 7680K, 0% used [0x0000000788f80000,0x0000000788f80000,0x0000000789700000)
 ParOldGen       total 126976K, used 1498K [0x0000000707e00000, 0x000000070fa00000, 0x0000000782a00000)
  object space 126976K, 1% used [0x0000000707e00000,0x0000000707f76b30,0x000000070fa00000)
 Metaspace       used 15933K, capacity 16182K, committed 16384K, reserved 1062912K
  class space    used 1864K, capacity 1942K, committed 2048K, reserved 1048576K
}
Event: 1.750 GC heap before
{Heap before GC invocations=4 (full 0):
 PSYoungGen      total 55808K, used 55788K [0x0000000782a00000, 0x0000000789700000, 0x00000007c0000000)
  eden space 48128K, 100% used [0x0000000782a00000,0x0000000785900000,0x0000000785900000)
  from space 7680K, 99% used [0x0000000785900000,0x000000078607b160,0x0000000786080000)
  to   space 7680K, 0% used [0x0000000788f80000,0x0000000788f80000,0x0000000789700000)
 ParOldGen       total 126976K, used 1498K [0x0000000707e00000, 0x000000070fa00000, 0x0000000782a00000)
  object space 126976K, 1% used [0x0000000707e00000,0x0000000707f76b30,0x000000070fa00000)
 Metaspace       used 16341K, capacity 16688K, committed 16896K, reserved 1064960K
  class space    used 1870K, capacity 1951K, committed 2048K, reserved 1048576K
Event: 1.781 GC heap after
Heap after GC invocations=4 (full 0):
 PSYoungGen      total 103936K, used 7664K [0x0000000782a00000, 0x0000000789700000, 0x00000007c0000000)
  eden space 96256K, 0% used [0x0000000782a00000,0x0000000782a00000,0x0000000788800000)
  from space 7680K, 99% used [0x0000000788f80000,0x00000007896fc030,0x0000000789700000)
  to   space 7680K, 0% used [0x0000000788800000,0x0000000788800000,0x0000000788f80000)
 ParOldGen       total 126976K, used 4286K [0x0000000707e00000, 0x000000070fa00000, 0x0000000782a00000)
  object space 126976K, 3% used [0x0000000707e00000,0x000000070822fb40,0x000000070fa00000)
 Metaspace       used 16341K, capacity 16688K, committed 16896K, reserved 1064960K
  class space    used 1870K, capacity 1951K, committed 2048K, reserved 1048576K
}
Event: 2.427 GC heap before
{Heap before GC invocations=5 (full 0):
 PSYoungGen      total 103936K, used 103920K [0x0000000782a00000, 0x0000000789700000, 0x00000007c0000000)
  eden space 96256K, 100% used [0x0000000782a00000,0x0000000788800000,0x0000000788800000)
  from space 7680K, 99% used [0x0000000788f80000,0x00000007896fc030,0x0000000789700000)
  to   space 7680K, 0% used [0x0000000788800000,0x0000000788800000,0x0000000788f80000)
 ParOldGen       total 126976K, used 4286K [0x0000000707e00000, 0x000000070fa00000, 0x0000000782a00000)
  object space 126976K, 3% used [0x0000000707e00000,0x000000070822fb40,0x000000070fa00000)
 Metaspace       used 16866K, capacity 17244K, committed 17408K, reserved 1064960K
  class space    used 1887K, capacity 1985K, committed 2048K, reserved 1048576K
Event: 2.447 GC heap after
Heap after GC invocations=5 (full 0):
 PSYoungGen      total 103936K, used 7648K [0x0000000782a00000, 0x0000000790200000, 0x00000007c0000000)
  eden space 96256K, 0% used [0x0000000782a00000,0x0000000782a00000,0x0000000788800000)
  from space 7680K, 99% used [0x0000000788800000,0x0000000788f78020,0x0000000788f80000)
  to   space 14336K, 0% used [0x000000078f400000,0x000000078f400000,0x0000000790200000)
 ParOldGen       total 126976K, used 9943K [0x0000000707e00000, 0x000000070fa00000, 0x0000000782a00000)
  object space 126976K, 7% used [0x0000000707e00000,0x00000007087b5d88,0x000000070fa00000)
 Metaspace       used 16866K, capacity 17244K, committed 17408K, reserved 1064960K
  class space    used 1887K, capacity 1985K, committed 2048K, reserved 1048576K
}

