# JRE version: OpenJDK Runtime Environment (8.0_252-b09) (build 1.8.0_252-8u252-b09-1ubuntu1-b09)
# Java VM: OpenJDK 64-Bit Server VM (25.252-b09 mixed mode linux-amd64 compressed oops)
Heap:
 PSYoungGen      total 205824K, used 18989K [0x0000000782a00000, 0x0000000790400000, 0x00000007c0000000)
  eden space 191488K, 9% used [0x0000000782a00000,0x0000000783c8b6c0,0x000000078e500000)
  from space 14336K, 0% used [0x000000078f400000,0x000000078f400000,0x0000000790200000)
  to   space 15360K, 0% used [0x000000078e500000,0x000000078e500000,0x000000078f400000)
 ParOldGen       total 101888K, used 19061K [0x0000000707e00000, 0x000000070e180000, 0x0000000782a00000)
  object space 101888K, 18% used [0x0000000707e00000,0x000000070909d750,0x000000070e180000)
 Metaspace       used 21888K, capacity 22390K, committed 22656K, reserved 1069056K
  class space    used 2517K, capacity 2660K, committed 2688K, reserved 1048576K
GC Heap History (10 events):
Event: 1.015 GC heap before
{Heap before GC invocations=3 (full 0):
 PSYoungGen      total 55808K, used 55778K [0x0000000782a00000, 0x0000000789700000, 0x00000007c0000000)
  eden space 48128K, 100% used [0x0000000782a00000,0x0000000785900000,0x0000000785900000)
  from space 7680K, 99% used [0x0000000786080000,0x00000007867f88a0,0x0000000786800000)
  to   space 7680K, 0% used [0x0000000785900000,0x0000000785900000,0x0000000786080000)
 ParOldGen       total 126976K, used 312K [0x0000000707e00000, 0x000000070fa00000, 0x0000000782a00000)
  object space 126976K, 0% used [0x0000000707e00000,0x0000000707e4e048,0x000000070fa00000)
 Metaspace       used 15834K, capacity 16110K, committed 16384K, reserved 1062912K
  class space    used 1858K, capacity 1942K, committed 2048K, reserved 1048576K
Event: 1.021 GC heap after
Heap after GC invocations=3 (full 0):
 PSYoungGen      total 55808K, used 7660K [0x0000000782a00000, 0x0000000789700000, 0x00000007c0000000)
  eden space 48128K, 0% used [0x0000000782a00000,0x0000000782a00000,0x0000000785900000)
  from space 7680K, 99% used [0x0000000785900000,0x000000078607b160,0x0000000786080000)
  to   space 7680K, 0% used [0x0000000788f80000,0x0000000788f80000,0x0000000789700000)
 ParOldGen       total 126976K, used 1242K [0x0000000707e00000, 0x000000070fa00000, 0x0000000782a00000)
  object space 126976K, 0% used [0x0000000707e00000,0x0000000707f36ba8,0x000000070fa00000)
 Metaspace       used 15834K, capacity 16110K, committed 16384K, reserved 1062912K
  class space    used 1858K, capacity 1942K, committed 2048K, reserved 1048576K
}
Event: 1.271 GC heap before
{Heap before GC invocations=4 (full 0):
 PSYoungGen      total 55808K, used 55788K [0x0000000782a00000, 0x0000000789700000, 0x00000007c0000000)
  eden space 48128K, 100% used [0x0000000782a00000,0x0000000785900000,0x0000000785900000)
  from space 7680K, 99% used [0x0000000785900000,0x000000078607b160,0x0000000786080000)
  to   space 7680K, 0% used [0x0000000788f80000,0x0000000788f80000,0x0000000789700000)
 ParOldGen       total 126976K, used 1242K [0x0000000707e00000, 0x000000070fa00000, 0x0000000782a00000)
  object space 126976K, 0% used [0x0000000707e00000,0x0000000707f36ba8,0x000000070fa00000)
 Metaspace       used 16326K, capacity 16680K, committed 16896K, reserved 1064960K
  class space    used 1870K, capacity 1951K, committed 2048K, reserved 1048576K
Event: 1.275 GC heap after
Heap after GC invocations=4 (full 0):
 PSYoungGen      total 103936K, used 7664K [0x0000000782a00000, 0x0000000789700000, 0x00000007c0000000)
  eden space 96256K, 0% used [0x0000000782a00000,0x0000000782a00000,0x0000000788800000)
  from space 7680K, 99% used [0x0000000788f80000,0x00000007896fc050,0x0000000789700000)
  to   space 7680K, 0% used [0x0000000788800000,0x0000000788800000,0x0000000788f80000)
 ParOldGen       total 126976K, used 3834K [0x0000000707e00000, 0x000000070fa00000, 0x0000000782a00000)
  object space 126976K, 3% used [0x0000000707e00000,0x00000007081beba8,0x000000070fa00000)
 Metaspace       used 16326K, capacity 16680K, committed 16896K, reserved 1064960K
  class space    used 1870K, capacity 1951K, committed 2048K, reserved 1048576K
}
Event: 1.678 GC heap before
{Heap before GC invocations=5 (full 0):
 PSYoungGen      total 103936K, used 103920K [0x0000000782a00000, 0x0000000789700000, 0x00000007c0000000)
  eden space 96256K, 100% used [0x0000000782a00000,0x0000000788800000,0x0000000788800000)
  from space 7680K, 99% used [0x0000000788f80000,0x00000007896fc050,0x0000000789700000)
  to   space 7680K, 0% used [0x0000000788800000,0x0000000788800000,0x0000000788f80000)
 ParOldGen       total 126976K, used 3834K [0x0000000707e00000, 0x000000070fa00000, 0x0000000782a00000)
  object space 126976K, 3% used [0x0000000707e00000,0x00000007081beba8,0x000000070fa00000)
 Metaspace       used 16874K, capacity 17236K, committed 17408K, reserved 1064960K
  class space    used 1887K, capacity 1985K, committed 2048K, reserved 1048576K
Event: 1.684 GC heap after
Heap after GC invocations=5 (full 0):
 PSYoungGen      total 103936K, used 7664K [0x0000000782a00000, 0x0000000790200000, 0x00000007c0000000)
  eden space 96256K, 0% used [0x0000000782a00000,0x0000000782a00000,0x0000000788800000)
  from space 7680K, 99% used [0x0000000788800000,0x0000000788f7c010,0x0000000788f80000)
  to   space 14336K, 0% used [0x000000078f400000,0x000000078f400000,0x0000000790200000)
 ParOldGen       total 126976K, used 9659K [0x0000000707e00000, 0x000000070fa00000, 0x0000000782a00000)
  object space 126976K, 7% used [0x0000000707e00000,0x000000070876edf0,0x000000070fa00000)
 Metaspace       used 16874K, capacity 17236K, committed 17408K, reserved 1064960K
  class space    used 1887K, capacity 1985K, committed 2048K, reserved 1048576K
}
Event: 2.050 GC heap before
{Heap before GC invocations=6 (full 0):
 PSYoungGen      total 103936K, used 75677K [0x0000000782a00000, 0x0000000790200000, 0x00000007c0000000)
  eden space 96256K, 70% used [0x0000000782a00000,0x0000000786c6b5b8,0x0000000788800000)
  from space 7680K, 99% used [0x0000000788800000,0x0000000788f7c010,0x0000000788f80000)
  to   space 14336K, 0% used [0x000000078f400000,0x000000078f400000,0x0000000790200000)
 ParOldGen       total 126976K, used 9659K [0x0000000707e00000, 0x000000070fa00000, 0x0000000782a00000)
  object space 126976K, 7% used [0x0000000707e00000,0x000000070876edf0,0x000000070fa00000)
 Metaspace       used 20700K, capacity 21142K, committed 21248K, reserved 1069056K
  class space    used 2384K, capacity 2500K, committed 2560K, reserved 1048576K
Event: 2.058 GC heap after
Heap after GC invocations=6 (full 0):
 PSYoungGen      total 205824K, used 12191K [0x0000000782a00000, 0x0000000790400000, 0x00000007c0000000)
  eden space 191488K, 0% used [0x0000000782a00000,0x0000000782a00000,0x000000078e500000)
  from space 14336K, 85% used [0x000000078f400000,0x000000078ffe7f08,0x0000000790200000)
  to   space 15360K, 0% used [0x000000078e500000,0x000000078e500000,0x000000078f400000)
 ParOldGen       total 126976K, used 9667K [0x0000000707e00000, 0x000000070fa00000, 0x0000000782a00000)
  object space 126976K, 7% used [0x0000000707e00000,0x0000000708770df0,0x000000070fa00000)
 Metaspace       used 20700K, capacity 21142K, committed 21248K, reserved 1069056K
  class space    used 2384K, capacity 2500K, committed 2560K, reserved 1048576K
}
Event: 2.058 GC heap before
{Heap before GC invocations=7 (full 1):
 PSYoungGen      total 205824K, used 12191K [0x0000000782a00000, 0x0000000790400000, 0x00000007c0000000)
  eden space 191488K, 0% used [0x0000000782a00000,0x0000000782a00000,0x000000078e500000)
  from space 14336K, 85% used [0x000000078f400000,0x000000078ffe7f08,0x0000000790200000)
  to   space 15360K, 0% used [0x000000078e500000,0x000000078e500000,0x000000078f400000)
 ParOldGen       total 126976K, used 9667K [0x0000000707e00000, 0x000000070fa00000, 0x0000000782a00000)
  object space 126976K, 7% used [0x0000000707e00000,0x0000000708770df0,0x000000070fa00000)
 Metaspace       used 20700K, capacity 21142K, committed 21248K, reserved 1069056K
  class space    used 2384K, capacity 2500K, committed 2560K, reserved 1048576K
Event: 2.109 GC heap after
Heap after GC invocations=7 (full 1):
 PSYoungGen      total 205824K, used 0K [0x0000000782a00000, 0x0000000790400000, 0x00000007c0000000)
  eden space 191488K, 0% used [0x0000000782a00000,0x0000000782a00000,0x000000078e500000)
  from space 14336K, 0% used [0x000000078f400000,0x000000078f400000,0x0000000790200000)
  to   space 15360K, 0% used [0x000000078e500000,0x000000078e500000,0x000000078f400000)
 ParOldGen       total 101888K, used 19061K [0x0000000707e00000, 0x000000070e180000, 0x0000000782a00000)
  object space 101888K, 18% used [0x0000000707e00000,0x000000070909d750,0x000000070e180000)
 Metaspace       used 20700K, capacity 21142K, committed 21248K, reserved 1069056K
  class space    used 2384K, capacity 2500K, committed 2560K, reserved 1048576K
}

